<?xml version="1.0" encoding="UTF-8"?>
<testng-results ignored="0" total="1" passed="1" failed="0" skipped="0">
  <reporter-output>
  </reporter-output>
  <suite started-at="2022-07-26T10:50:13 IST" name="Suite" finished-at="2022-07-26T10:50:34 IST" duration-ms="21141">
    <groups>
    </groups>
    <test started-at="2022-07-26T10:50:13 IST" name="Test2" finished-at="2022-07-26T10:50:34 IST" duration-ms="21141">
      <class name="com.project.test.Test_myinfo_001">
        <test-method is-config="true" signature="setup(java.lang.String)[pri:0, instance:com.project.test.Test_myinfo_001@436813f3]" started-at="2022-07-26T10:50:13 IST" name="setup" finished-at="2022-07-26T10:50:20 IST" duration-ms="6773" status="PASS">
          <params>
            <param index="0">
              <value>
                <![CDATA[chrome]]>
              </value>
            </param>
          </params>
          <reporter-output>
          </reporter-output>
        </test-method> <!-- setup -->
        <test-method signature="myinfo()[pri:0, instance:com.project.test.Test_myinfo_001@436813f3]" started-at="2022-07-26T10:50:20 IST" name="myinfo" finished-at="2022-07-26T10:50:31 IST" duration-ms="11251" status="PASS">
          <reporter-output>
          </reporter-output>
        </test-method> <!-- myinfo -->
        <test-method is-config="true" signature="teardown()[pri:0, instance:com.project.test.Test_myinfo_001@436813f3]" started-at="2022-07-26T10:50:31 IST" name="teardown" finished-at="2022-07-26T10:50:34 IST" duration-ms="3075" status="PASS">
          <reporter-output>
          </reporter-output>
        </test-method> <!-- teardown -->
      </class> <!-- com.project.test.Test_myinfo_001 -->
    </test> <!-- Test2 -->
  </suite> <!-- Suite -->
</testng-results>
